<?xml version="1.0" encoding="UTF-8"?>
<!-- Generated by org.testng.reporters.JUnitReportReporter -->
<testsuite skipped="0" hostname="LAPTOP-HHN7D2TC" name="com.ebanking.master.BranchcreNG" tests="1" failures="0" timestamp="2022-01-20T13:23:55 IST" time="6.573" errors="0">
  <testcase name="Brnch" time="6.573" classname="com.ebanking.master.BranchcreNG"/>
</testsuite> <!-- com.ebanking.master.BranchcreNG -->
