<?xml version="1.0" encoding="UTF-8"?>
<!-- Generated by org.testng.reporters.JUnitReportReporter -->
<testsuite skipped="0" hostname="LAPTOP-HHN7D2TC" name="com.ebanking.master.RolecreNG" tests="3" failures="0" timestamp="2022-01-20T13:23:55 IST" time="30.773" errors="0">
  <testcase name="Rol" time="9.949" classname="com.ebanking.master.RolecreNG"/>
  <testcase name="Rol" time="10.336" classname="com.ebanking.master.RolecreNG"/>
  <testcase name="Rol" time="10.488" classname="com.ebanking.master.RolecreNG"/>
</testsuite> <!-- com.ebanking.master.RolecreNG -->
