<?xml version="1.0" encoding="UTF-8"?>
<!-- Generated by org.testng.reporters.JUnitReportReporter -->
<testsuite skipped="0" hostname="LAPTOP-HHN7D2TC" name="com.ebanking.master.RolNG" tests="3" failures="0" timestamp="2021-11-17T08:56:18 IST" time="29.263" errors="0">
  <testcase name="Rol" time="9.938" classname="com.ebanking.master.RolNG"/>
  <testcase name="Rol" time="9.735" classname="com.ebanking.master.RolNG"/>
  <testcase name="Rol" time="9.590" classname="com.ebanking.master.RolNG"/>
</testsuite> <!-- com.ebanking.master.RolNG -->
