<?xml version="1.0" encoding="UTF-8"?>
<!-- Generated by org.testng.reporters.JUnitReportReporter -->
<testsuite skipped="0" hostname="LAPTOP-HHN7D2TC" name="com.ebanking.scripts.SampleNg" tests="2" failures="0" timestamp="2021-11-15T09:08:19 IST" time="40.270" errors="0">
  <testcase name="bcd" time="20.316" classname="com.ebanking.scripts.SampleNg"/>
  <testcase name="abc" time="19.954" classname="com.ebanking.scripts.SampleNg"/>
</testsuite> <!-- com.ebanking.scripts.SampleNg -->
