<?xml version="1.0" encoding="UTF-8"?>
<!-- Generated by org.testng.reporters.JUnitReportReporter -->
<testsuite skipped="0" hostname="LAPTOP-HHN7D2TC" name="com.ebanking.master.Exepom" tests="3" failures="0" timestamp="2022-01-22T13:08:23 IST" time="34.701" errors="0">
  <testcase name="Rcreation" time="11.051" classname="com.ebanking.master.Exepom"/>
  <testcase name="Rcreation" time="11.309" classname="com.ebanking.master.Exepom"/>
  <testcase name="Rcreation" time="12.341" classname="com.ebanking.master.Exepom"/>
</testsuite> <!-- com.ebanking.master.Exepom -->
